New message: {
  topic: 'balances',
  partition: 0,
  offset: '49',
  key: '',
  value: '{"timestamp":1623386555.0,"user_id":3,"asset":"USDT","business":"deposit","change":"100.0","balance":"100.0","detail":"{\\"key\\":\\"value\\",\\"id\\":1623386555254}"}'
}
New message: {
  topic: 'unifyevents',
  partition: 0,
  offset: '30',
  key: 'balances',
  value: '{"timestamp":1623386555.0,"user_id":3,"asset":"USDT","business":"deposit","change":"100.0","balance":"100.0","detail":"{\\"key\\":\\"value\\",\\"id\\":1623386555254}"}'
}
New message: {
  topic: 'unifyevents',
  partition: 0,
  offset: '31',
  key: 'balances',
  value: '{"timestamp":1623386555.0,"user_id":3,"asset":"ETH","business":"deposit","change":"50.0","balance":"50.0","detail":"{\\"key\\":\\"value\\",\\"id\\":1623386555258}"}'
}
New message: {
  topic: 'balances',
  partition: 0,
  offset: '50',
  key: '',
  value: '{"timestamp":1623386555.0,"user_id":3,"asset":"ETH","business":"deposit","change":"50.0","balance":"50.0","detail":"{\\"key\\":\\"value\\",\\"id\\":1623386555258}"}'
}
New message: {
  topic: 'balances',
  partition: 0,
  offset: '51',
  key: '',
  value: '{"timestamp":1623386555.0,"user_id":4,"asset":"USDT","business":"deposit","change":"100.0","balance":"100.0","detail":"{\\"key\\":\\"value\\",\\"id\\":1623386555265}"}'
}
New message: {
  topic: 'balances',
  partition: 0,
  offset: '52',
  key: '',
  value: '{"timestamp":1623386555.0,"user_id":4,"asset":"ETH","business":"deposit","change":"50.0","balance":"50.0","detail":"{\\"key\\":\\"value\\",\\"id\\":1623386555268}"}'
}
New message: {
  topic: 'unifyevents',
  partition: 0,
  offset: '32',
  key: 'balances',
  value: '{"timestamp":1623386555.0,"user_id":4,"asset":"USDT","business":"deposit","change":"100.0","balance":"100.0","detail":"{\\"key\\":\\"value\\",\\"id\\":1623386555265}"}'
}
New message: {
  topic: 'unifyevents',
  partition: 0,
  offset: '33',
  key: 'balances',
  value: '{"timestamp":1623386555.0,"user_id":4,"asset":"ETH","business":"deposit","change":"50.0","balance":"50.0","detail":"{\\"key\\":\\"value\\",\\"id\\":1623386555268}"}'
}
New message: {
  topic: 'orders',
  partition: 0,
  offset: '392',
  key: '',
  value: '{"event":"PUT","order":{"id":1,"base":"ETH","quote":"USDT","market":"ETH_USDT","type":"LIMIT","side":"BID","user":3,"create_time":1623386555.273936,"update_time":1623386555.273936,"price":"1.1","amount":"10","taker_fee":"0","maker_fee":"0","remain":"10","frozen":"0","finished_base":"0","finished_quote":"0","finished_fee":"0","post_only":false},"base":"ETH","quote":"USDT"}'
}
New message: {
  topic: 'unifyevents',
  partition: 0,
  offset: '34',
  key: 'orders',
  value: '{"event":"PUT","order":{"id":1,"base":"ETH","quote":"USDT","market":"ETH_USDT","type":"LIMIT","side":"BID","user":3,"create_time":1623386555.273936,"update_time":1623386555.273936,"price":"1.1","amount":"10","taker_fee":"0","maker_fee":"0","remain":"10","frozen":"0","finished_base":"0","finished_quote":"0","finished_fee":"0","post_only":false},"base":"ETH","quote":"USDT"}'
}
New message: {
  topic: 'orders',
  partition: 0,
  offset: '393',
  key: '',
  value: '{"event":"FINISH","order":{"id":1,"base":"ETH","quote":"USDT","market":"ETH_USDT","type":"LIMIT","side":"BID","user":3,"create_time":1623386555.273936,"update_time":1623386555.273936,"price":"1.1","amount":"10","taker_fee":"0","maker_fee":"0","remain":"10","frozen":"11.0","finished_base":"0","finished_quote":"0","finished_fee":"0","post_only":false},"base":"ETH","quote":"USDT"}'
}
New message: {
  topic: 'unifyevents',
  partition: 0,
  offset: '35',
  key: 'orders',
  value: '{"event":"FINISH","order":{"id":1,"base":"ETH","quote":"USDT","market":"ETH_USDT","type":"LIMIT","side":"BID","user":3,"create_time":1623386555.273936,"update_time":1623386555.273936,"price":"1.1","amount":"10","taker_fee":"0","maker_fee":"0","remain":"10","frozen":"11.0","finished_base":"0","finished_quote":"0","finished_fee":"0","post_only":false},"base":"ETH","quote":"USDT"}'
}
New message: {
  topic: 'orders',
  partition: 0,
  offset: '394',
  key: '',
  value: '{"event":"PUT","order":{"id":2,"base":"ETH","quote":"USDT","market":"ETH_USDT","type":"LIMIT","side":"ASK","user":3,"create_time":1623386555.302894,"update_time":1623386555.302894,"price":"1.1","amount":"4","taker_fee":"0","maker_fee":"0","remain":"4","frozen":"0","finished_base":"0","finished_quote":"0","finished_fee":"0","post_only":false},"base":"ETH","quote":"USDT"}'
}
New message: {
  topic: 'trades',
  partition: 0,
  offset: '133',
  key: '',
  value: '{"id":1,"timestamp":1623386555.306488,"market":"ETH_USDT","base":"ETH","quote":"USDT","price":"1.1","amount":"4","quote_amount":"4.4","ask_user_id":3,"ask_order_id":2,"ask_role":"MAKER","ask_fee":"0","bid_user_id":4,"bid_order_id":3,"bid_role":"TAKER","bid_fee":"0"}'
}
New message: {
  topic: 'orders',
  partition: 0,
  offset: '395',
  key: '',
  value: '{"event":"FINISH","order":{"id":2,"base":"ETH","quote":"USDT","market":"ETH_USDT","type":"LIMIT","side":"ASK","user":3,"create_time":1623386555.302894,"update_time":1623386555.306488,"price":"1.1","amount":"4","taker_fee":"0","maker_fee":"0","remain":"0","frozen":"0","finished_base":"4","finished_quote":"4.4","finished_fee":"0","post_only":false},"base":"ETH","quote":"USDT"}'
}
New message: {
  topic: 'orders',
  partition: 0,
  offset: '396',
  key: '',
  value: '{"event":"PUT","order":{"id":3,"base":"ETH","quote":"USDT","market":"ETH_USDT","type":"LIMIT","side":"BID","user":4,"create_time":1623386555.306377,"update_time":1623386555.306488,"price":"1.1","amount":"10","taker_fee":"0","maker_fee":"0","remain":"6","frozen":"0","finished_base":"4","finished_quote":"4.4","finished_fee":"0","post_only":false},"base":"ETH","quote":"USDT"}'
}
New message: {
  topic: 'unifyevents',
  partition: 0,
  offset: '36',
  key: 'orders',
  value: '{"event":"PUT","order":{"id":2,"base":"ETH","quote":"USDT","market":"ETH_USDT","type":"LIMIT","side":"ASK","user":3,"create_time":1623386555.302894,"update_time":1623386555.302894,"price":"1.1","amount":"4","taker_fee":"0","maker_fee":"0","remain":"4","frozen":"0","finished_base":"0","finished_quote":"0","finished_fee":"0","post_only":false},"base":"ETH","quote":"USDT"}'
}
New message: {
  topic: 'unifyevents',
  partition: 0,
  offset: '37',
  key: 'trades',
  value: '{"id":1,"timestamp":1623386555.306488,"market":"ETH_USDT","base":"ETH","quote":"USDT","price":"1.1","amount":"4","quote_amount":"4.4","ask_user_id":3,"ask_order_id":2,"ask_role":"MAKER","ask_fee":"0","bid_user_id":4,"bid_order_id":3,"bid_role":"TAKER","bid_fee":"0"}'
}
New message: {
  topic: 'unifyevents',
  partition: 0,
  offset: '38',
  key: 'orders',
  value: '{"event":"FINISH","order":{"id":2,"base":"ETH","quote":"USDT","market":"ETH_USDT","type":"LIMIT","side":"ASK","user":3,"create_time":1623386555.302894,"update_time":1623386555.306488,"price":"1.1","amount":"4","taker_fee":"0","maker_fee":"0","remain":"0","frozen":"0","finished_base":"4","finished_quote":"4.4","finished_fee":"0","post_only":false},"base":"ETH","quote":"USDT"}'
}
New message: {
  topic: 'unifyevents',
  partition: 0,
  offset: '39',
  key: 'orders',
  value: '{"event":"PUT","order":{"id":3,"base":"ETH","quote":"USDT","market":"ETH_USDT","type":"LIMIT","side":"BID","user":4,"create_time":1623386555.306377,"update_time":1623386555.306488,"price":"1.1","amount":"10","taker_fee":"0","maker_fee":"0","remain":"6","frozen":"0","finished_base":"4","finished_quote":"4.4","finished_fee":"0","post_only":false},"base":"ETH","quote":"USDT"}'
}
